# JRE version: Java(TM) SE Runtime Environment (8.0_112-b15) (build 1.8.0_112-b15)
# Java VM: Java HotSpot(TM) 64-Bit Server VM (25.112-b15 mixed mode windows-amd64 compressed oops)
Heap:
 PSYoungGen      total 58368K, used 19970K [0x00000007bc400000, 0x00000007c0000000, 0x00000007c0000000)
  eden space 56320K, 31% used [0x00000007bc400000,0x00000007bd583f00,0x00000007bfb00000)
  from space 2048K, 99% used [0x00000007bfe00000,0x00000007bfffc900,0x00000007c0000000)
  to   space 2560K, 0% used [0x00000007bfb00000,0x00000007bfb00000,0x00000007bfd80000)
 ParOldGen       total 202240K, used 109090K [0x0000000700000000, 0x000000070c580000, 0x00000007bc400000)
  object space 202240K, 53% used [0x0000000700000000,0x0000000706a88940,0x000000070c580000)
 Metaspace       used 82388K, capacity 83231K, committed 83800K, reserved 1122304K
  class space    used 11485K, capacity 11643K, committed 11648K, reserved 1048576K
GC Heap History (10 events):
Event: 92493.767 GC heap before
{Heap before GC invocations=887 (full 49):
 PSYoungGen      total 58880K, used 57120K [0x00000007bc400000, 0x00000007c0000000, 0x00000007c0000000)
  eden space 56320K, 100% used [0x00000007bc400000,0x00000007bfb00000,0x00000007bfb00000)
  from space 2560K, 31% used [0x00000007bfb00000,0x00000007bfbc8000,0x00000007bfd80000)
  to   space 2560K, 0% used [0x00000007bfd80000,0x00000007bfd80000,0x00000007c0000000)
 ParOldGen       total 202240K, used 109026K [0x0000000700000000, 0x000000070c580000, 0x00000007bc400000)
  object space 202240K, 53% used [0x0000000700000000,0x0000000706a78940,0x000000070c580000)
 Metaspace       used 82379K, capacity 83167K, committed 83800K, reserved 1122304K
  class space    used 11485K, capacity 11643K, committed 11648K, reserved 1048576K
Event: 92493.771 GC heap after
Heap after GC invocations=887 (full 49):
 PSYoungGen      total 59392K, used 864K [0x00000007bc400000, 0x00000007c0000000, 0x00000007c0000000)
  eden space 56832K, 0% used [0x00000007bc400000,0x00000007bc400000,0x00000007bfb80000)
  from space 2560K, 33% used [0x00000007bfd80000,0x00000007bfe58000,0x00000007c0000000)
  to   space 2048K, 0% used [0x00000007bfb80000,0x00000007bfb80000,0x00000007bfd80000)
 ParOldGen       total 202240K, used 109026K [0x0000000700000000, 0x000000070c580000, 0x00000007bc400000)
  object space 202240K, 53% used [0x0000000700000000,0x0000000706a78940,0x000000070c580000)
 Metaspace       used 82379K, capacity 83167K, committed 83800K, reserved 1122304K
  class space    used 11485K, capacity 11643K, committed 11648K, reserved 1048576K
}
Event: 92495.266 GC heap before
{Heap before GC invocations=888 (full 49):
 PSYoungGen      total 59392K, used 57696K [0x00000007bc400000, 0x00000007c0000000, 0x00000007c0000000)
  eden space 56832K, 100% used [0x00000007bc400000,0x00000007bfb80000,0x00000007bfb80000)
  from space 2560K, 33% used [0x00000007bfd80000,0x00000007bfe58000,0x00000007c0000000)
  to   space 2048K, 0% used [0x00000007bfb80000,0x00000007bfb80000,0x00000007bfd80000)
 ParOldGen       total 202240K, used 109026K [0x0000000700000000, 0x000000070c580000, 0x00000007bc400000)
  object space 202240K, 53% used [0x0000000700000000,0x0000000706a78940,0x000000070c580000)
 Metaspace       used 82379K, capacity 83167K, committed 83800K, reserved 1122304K
  class space    used 11485K, capacity 11643K, committed 11648K, reserved 1048576K
Event: 92495.270 GC heap after
Heap after GC invocations=888 (full 49):
 PSYoungGen      total 58880K, used 992K [0x00000007bc400000, 0x00000007c0000000, 0x00000007c0000000)
  eden space 56832K, 0% used [0x00000007bc400000,0x00000007bc400000,0x00000007bfb80000)
  from space 2048K, 48% used [0x00000007bfb80000,0x00000007bfc78000,0x00000007bfd80000)
  to   space 2048K, 0% used [0x00000007bfe00000,0x00000007bfe00000,0x00000007c0000000)
 ParOldGen       total 202240K, used 109026K [0x0000000700000000, 0x000000070c580000, 0x00000007bc400000)
  object space 202240K, 53% used [0x0000000700000000,0x0000000706a78940,0x000000070c580000)
 Metaspace       used 82379K, capacity 83167K, committed 83800K, reserved 1122304K
  class space    used 11485K, capacity 11643K, committed 11648K, reserved 1048576K
}
Event: 92497.002 GC heap before
{Heap before GC invocations=889 (full 49):
 PSYoungGen      total 58880K, used 57824K [0x00000007bc400000, 0x00000007c0000000, 0x00000007c0000000)
  eden space 56832K, 100% used [0x00000007bc400000,0x00000007bfb80000,0x00000007bfb80000)
  from space 2048K, 48% used [0x00000007bfb80000,0x00000007bfc78000,0x00000007bfd80000)
  to   space 2048K, 0% used [0x00000007bfe00000,0x00000007bfe00000,0x00000007c0000000)
 ParOldGen       total 202240K, used 109026K [0x0000000700000000, 0x000000070c580000, 0x00000007bc400000)
  object space 202240K, 53% used [0x0000000700000000,0x0000000706a78940,0x000000070c580000)
 Metaspace       used 82379K, capacity 83167K, committed 83800K, reserved 1122304K
  class space    used 11485K, capacity 11643K, committed 11648K, reserved 1048576K
Event: 92497.006 GC heap after
Heap after GC invocations=889 (full 49):
 PSYoungGen      total 59392K, used 896K [0x00000007bc400000, 0x00000007c0000000, 0x00000007c0000000)
  eden space 57344K, 0% used [0x00000007bc400000,0x00000007bc400000,0x00000007bfc00000)
  from space 2048K, 43% used [0x00000007bfe00000,0x00000007bfee0000,0x00000007c0000000)
  to   space 2048K, 0% used [0x00000007bfc00000,0x00000007bfc00000,0x00000007bfe00000)
 ParOldGen       total 202240K, used 109026K [0x0000000700000000, 0x000000070c580000, 0x00000007bc400000)
  object space 202240K, 53% used [0x0000000700000000,0x0000000706a78940,0x000000070c580000)
 Metaspace       used 82379K, capacity 83167K, committed 83800K, reserved 1122304K
  class space    used 11485K, capacity 11643K, committed 11648K, reserved 1048576K
}
Event: 92497.347 GC heap before
{Heap before GC invocations=890 (full 49):
 PSYoungGen      total 59392K, used 58240K [0x00000007bc400000, 0x00000007c0000000, 0x00000007c0000000)
  eden space 57344K, 100% used [0x00000007bc400000,0x00000007bfc00000,0x00000007bfc00000)
  from space 2048K, 43% used [0x00000007bfe00000,0x00000007bfee0000,0x00000007c0000000)
  to   space 2048K, 0% used [0x00000007bfc00000,0x00000007bfc00000,0x00000007bfe00000)
 ParOldGen       total 202240K, used 109026K [0x0000000700000000, 0x000000070c580000, 0x00000007bc400000)
  object space 202240K, 53% used [0x0000000700000000,0x0000000706a78940,0x000000070c580000)
 Metaspace       used 82379K, capacity 83167K, committed 83800K, reserved 1122304K
  class space    used 11485K, capacity 11643K, committed 11648K, reserved 1048576K
Event: 92497.350 GC heap after
Heap after GC invocations=890 (full 49):
 PSYoungGen      total 59392K, used 896K [0x00000007bc400000, 0x00000007c0000000, 0x00000007c0000000)
  eden space 57344K, 0% used [0x00000007bc400000,0x00000007bc400000,0x00000007bfc00000)
  from space 2048K, 43% used [0x00000007bfc00000,0x00000007bfce0000,0x00000007bfe00000)
  to   space 2048K, 0% used [0x00000007bfe00000,0x00000007bfe00000,0x00000007c0000000)
 ParOldGen       total 202240K, used 109026K [0x0000000700000000, 0x000000070c580000, 0x00000007bc400000)
  object space 202240K, 53% used [0x0000000700000000,0x0000000706a78940,0x000000070c580000)
 Metaspace       used 82379K, capacity 83167K, committed 83800K, reserved 1122304K
  class space    used 11485K, capacity 11643K, committed 11648K, reserved 1048576K
}
Event: 92498.843 GC heap before
{Heap before GC invocations=891 (full 49):
 PSYoungGen      total 59392K, used 58240K [0x00000007bc400000, 0x00000007c0000000, 0x00000007c0000000)
  eden space 57344K, 100% used [0x00000007bc400000,0x00000007bfc00000,0x00000007bfc00000)
  from space 2048K, 43% used [0x00000007bfc00000,0x00000007bfce0000,0x00000007bfe00000)
  to   space 2048K, 0% used [0x00000007bfe00000,0x00000007bfe00000,0x00000007c0000000)
 ParOldGen       total 202240K, used 109026K [0x0000000700000000, 0x000000070c580000, 0x00000007bc400000)
  object space 202240K, 53% used [0x0000000700000000,0x0000000706a78940,0x000000070c580000)
 Metaspace       used 82386K, capacity 83231K, committed 83800K, reserved 1122304K
  class space    used 11485K, capacity 11643K, committed 11648K, reserved 1048576K
Event: 92498.847 GC heap after
Heap after GC invocations=891 (full 49):
 PSYoungGen      total 58368K, used 2034K [0x00000007bc400000, 0x00000007c0000000, 0x00000007c0000000)
  eden space 56320K, 0% used [0x00000007bc400000,0x00000007bc400000,0x00000007bfb00000)
  from space 2048K, 99% used [0x00000007bfe00000,0x00000007bfffc900,0x00000007c0000000)
  to   space 2560K, 0% used [0x00000007bfb00000,0x00000007bfb00000,0x00000007bfd80000)
 ParOldGen       total 202240K, used 109090K [0x0000000700000000, 0x000000070c580000, 0x00000007bc400000)
  object space 202240K, 53% used [0x0000000700000000,0x0000000706a88940,0x000000070c580000)
 Metaspace       used 82386K, capacity 83231K, committed 83800K, reserved 1122304K
  class space    used 11485K, capacity 11643K, committed 11648K, reserved 1048576K
}

